<?xml version="1.0" encoding="UTF-8"?>
<!-- Generated by org.testng.reporters.JUnitReportReporter -->
<testsuite hostname="ingbtcpic5nb126" failures="0" tests="1" name="test.TestNgDemo" time="2.733" errors="0" timestamp="2021-03-08T18:26:09 IST" skipped="0">
  <testcase classname="test.TestNgDemo" name="CanSearchkeyWordOnGoogleTest" time="2.733"/>
  <system-out/>
</testsuite> <!-- test.TestNgDemo -->
